<?xml version="1.0" encoding="UTF-8"?>
<!-- Generated by org.testng.reporters.JUnitReportReporter -->
<testsuite hostname="LPT-0919" failures="0" tests="3" name="com.ae.qa.testcases.InformationPageTest" time="81.875" errors="0" timestamp="30 Jul 2021 09:31:02 GMT" skipped="0">
  <testcase classname="com.ae.qa.testcases.InformationPageTest" name="validateLastLoginTest" time="18.230"/>
  <testcase classname="com.ae.qa.testcases.InformationPageTest" name="validateViewProfileTest" time="40.080"/>
  <testcase classname="com.ae.qa.testcases.InformationPageTest" name="validateChangePasswordTest" time="23.565"/>
</testsuite> <!-- com.ae.qa.testcases.InformationPageTest -->
