<?xml version="1.0" encoding="UTF-8"?>
<!-- Generated by org.testng.reporters.JUnitReportReporter -->
<testsuite hostname="LPT-0919" failures="0" tests="1" name="com.ae.qa.testcasesTenantAdmin.TemplatesPageTestTA" time="12.336" errors="0" timestamp="30 Dec 2021 06:17:39 GMT" skipped="0">
  <testcase classname="com.ae.qa.testcasesTenantAdmin.TemplatesPageTestTA" name="validateTemplatesPageTATest" time="12.336"/>
</testsuite> <!-- com.ae.qa.testcasesTenantAdmin.TemplatesPageTestTA -->
