<?xml version="1.0" encoding="UTF-8"?>
<!-- Generated by org.testng.reporters.JUnitReportReporter -->
<testsuite hostname="LPT-0919" failures="0" tests="1" name="com.ae.qa.testcasesTenantAdmin.AgentSettingsTestTA" time="12.599" errors="0" timestamp="29 Dec 2021 07:31:16 GMT" skipped="0">
  <testcase classname="com.ae.qa.testcasesTenantAdmin.AgentSettingsTestTA" name="validateAgentSettingsPageTATest" time="12.599"/>
</testsuite> <!-- com.ae.qa.testcasesTenantAdmin.AgentSettingsTestTA -->
