<?xml version="1.0" encoding="UTF-8"?>
<!-- Generated by org.testng.reporters.JUnitReportReporter -->
<testsuite hostname="LPT-0919" failures="0" tests="1" name="com.ae.qa.testcasesTenantAdmin.EmailReportsPageTestTA" time="12.367" errors="0" timestamp="30 Dec 2021 06:30:12 GMT" skipped="0">
  <testcase classname="com.ae.qa.testcasesTenantAdmin.EmailReportsPageTestTA" name="validateEmailReportsPageTATest" time="12.367"/>
</testsuite> <!-- com.ae.qa.testcasesTenantAdmin.EmailReportsPageTestTA -->
