<?xml version="1.0" encoding="UTF-8"?>
<!-- Generated by org.testng.reporters.JUnitReportReporter -->
<testsuite hostname="LPT-0919" failures="0" tests="4" name="com.ae.qa.testcases.SystemSettingsPageTest" time="73.291" errors="0" timestamp="28 Dec 2021 05:32:08 GMT" skipped="0">
  <testcase classname="com.ae.qa.testcases.SystemSettingsPageTest" name="validateInvalidURLTest" time="17.986"/>
  <testcase classname="com.ae.qa.testcases.SystemSettingsPageTest" name="validateServerUrlTest" time="21.174"/>
  <testcase classname="com.ae.qa.testcases.SystemSettingsPageTest" name="validateEditCleanUpRequest" time="21.983"/>
  <testcase classname="com.ae.qa.testcases.SystemSettingsPageTest" name="validateSystemSettingsPageTest" time="12.148"/>
</testsuite> <!-- com.ae.qa.testcases.SystemSettingsPageTest -->
