<?xml version="1.0" encoding="UTF-8"?>
<!-- Generated by org.testng.reporters.JUnitReportReporter -->
<testsuite hostname="LPT-0919" failures="0" tests="1" name="com.ae.qa.testcasesTenantAdmin.CredentialsPageTestTA" time="12.231" errors="0" timestamp="28 Dec 2021 09:26:16 GMT" skipped="0">
  <testcase classname="com.ae.qa.testcasesTenantAdmin.CredentialsPageTestTA" name="validateCredentialsPageTATest" time="12.231"/>
</testsuite> <!-- com.ae.qa.testcasesTenantAdmin.CredentialsPageTestTA -->
