<?xml version="1.0" encoding="UTF-8"?>
<!-- Generated by org.testng.reporters.JUnitReportReporter -->
<testsuite hostname="LPT-0919" failures="0" tests="1" name="com.ae.qa.testcases.PurgeSchedulePageTest" time="17.370" errors="0" timestamp="22 Sep 2021 11:23:12 GMT" skipped="0">
  <testcase classname="com.ae.qa.testcases.PurgeSchedulePageTest" name="validatePurgeSchedulePageTest" time="17.370"/>
</testsuite> <!-- com.ae.qa.testcases.PurgeSchedulePageTest -->
