<?xml version="1.0" encoding="UTF-8"?>
<!-- Generated by org.testng.reporters.JUnitReportReporter -->
<testsuite hostname="LPT-0919" failures="0" tests="1" name="com.ae.qa.testcasesTenantAdmin.DashboardsPageTestTA" time="12.578" errors="0" timestamp="30 Dec 2021 05:48:29 GMT" skipped="0">
  <testcase classname="com.ae.qa.testcasesTenantAdmin.DashboardsPageTestTA" name="validateDashboardsPageTATest" time="12.578"/>
</testsuite> <!-- com.ae.qa.testcasesTenantAdmin.DashboardsPageTestTA -->
