<?xml version="1.0" encoding="UTF-8"?>
<!-- Generated by org.testng.reporters.JUnitReportReporter -->
<testsuite hostname="LPT-0919" failures="0" tests="1" name="com.ae.qa.testcases.SmtpPageTest" time="86.329" errors="0" timestamp="06 Dec 2021 10:54:48 GMT" skipped="0">
  <testcase classname="com.ae.qa.testcases.SmtpPageTest" name="validateAddSmtpServerTest" time="86.329"/>
</testsuite> <!-- com.ae.qa.testcases.SmtpPageTest -->
