<?xml version="1.0" encoding="UTF-8"?>
<!-- Generated by org.testng.reporters.JUnitReportReporter -->
<testsuite hostname="LPT-0919" failures="0" tests="1" name="com.ae.qa.testcasesTenantAdmin.IntegrationServicePageTestTA" time="15.627" errors="0" timestamp="06 Jan 2022 08:08:09 GMT" skipped="0">
  <testcase classname="com.ae.qa.testcasesTenantAdmin.IntegrationServicePageTestTA" name="validateIntegrationServicesPageTATest" time="15.627"/>
</testsuite> <!-- com.ae.qa.testcasesTenantAdmin.IntegrationServicePageTestTA -->
