<?xml version="1.0" encoding="UTF-8"?>
<!-- Generated by org.testng.reporters.JUnitReportReporter -->
<testsuite hostname="LPT-0919" failures="0" tests="1" name="com.ae.qa.testcasesTenantAdmin.PurgeSchedulePageTestTA" time="12.748" errors="0" timestamp="30 Dec 2021 09:22:30 GMT" skipped="0">
  <testcase classname="com.ae.qa.testcasesTenantAdmin.PurgeSchedulePageTestTA" name="validatePurgeSchedulePageTATest" time="12.748"/>
</testsuite> <!-- com.ae.qa.testcasesTenantAdmin.PurgeSchedulePageTestTA -->
