<?xml version="1.0" encoding="UTF-8"?>
<!-- Generated by org.testng.reporters.JUnitReportReporter -->
<testsuite hostname="LPT-0919" failures="0" tests="1" name="com.ae.qa.testcases.PurgePolicyPageTest" time="13.842" errors="0" timestamp="22 Sep 2021 11:20:40 GMT" skipped="0">
  <testcase classname="com.ae.qa.testcases.PurgePolicyPageTest" name="validatePurgePolicyPageTest" time="13.842"/>
</testsuite> <!-- com.ae.qa.testcases.PurgePolicyPageTest -->
