<?xml version="1.0" encoding="UTF-8"?>
<!-- Generated by org.testng.reporters.JUnitReportReporter -->
<testsuite hostname="LPT-0919" failures="0" tests="1" name="com.ae.qa.testcasesTenantAdmin.LoginPageTestTA" time="13.353" errors="0" timestamp="30 Jul 2021 09:31:02 GMT" skipped="0">
  <testcase classname="com.ae.qa.testcasesTenantAdmin.LoginPageTestTA" name="ValidateFirstTimeTALoginTest" time="13.353"/>
</testsuite> <!-- com.ae.qa.testcasesTenantAdmin.LoginPageTestTA -->
