<?xml version="1.0" encoding="UTF-8"?>
<!-- Generated by org.testng.reporters.JUnitReportReporter -->
<testsuite hostname="LPT-0919" failures="0" tests="1" name="com.ae.qa.testcasesTenantAdmin.TenantUserSSOPageTestTA" time="86.583" errors="0" timestamp="14 Sep 2021 12:03:43 GMT" skipped="0">
  <testcase classname="com.ae.qa.testcasesTenantAdmin.TenantUserSSOPageTestTA" name="ValidateCreatingSSOUserTATest" time="86.583"/>
</testsuite> <!-- com.ae.qa.testcasesTenantAdmin.TenantUserSSOPageTestTA -->
