<?xml version="1.0" encoding="UTF-8"?>
<!-- Generated by org.testng.reporters.JUnitReportReporter -->
<testsuite hostname="LPT-0919" failures="0" tests="1" name="com.ae.qa.testcasesTenantAdmin.ArchivedPageTestTA" time="14.552" errors="0" timestamp="06 Jan 2022 05:59:34 GMT" skipped="0">
  <testcase classname="com.ae.qa.testcasesTenantAdmin.ArchivedPageTestTA" name="validateArchivedPageTATest" time="14.552"/>
</testsuite> <!-- com.ae.qa.testcasesTenantAdmin.ArchivedPageTestTA -->
