<?xml version="1.0" encoding="UTF-8"?>
<!-- Generated by org.testng.reporters.JUnitReportReporter -->
<testsuite hostname="LPT-0919" failures="0" tests="1" name="com.ae.qa.testcasesTenantAdmin.PluginsPageTestTA" time="14.993" errors="0" timestamp="30 Dec 2021 08:51:19 GMT" skipped="0">
  <testcase classname="com.ae.qa.testcasesTenantAdmin.PluginsPageTestTA" name="validatePluginsPageTATest" time="14.993"/>
</testsuite> <!-- com.ae.qa.testcasesTenantAdmin.PluginsPageTestTA -->
