<?xml version="1.0" encoding="UTF-8"?>
<!-- Generated by org.testng.reporters.JUnitReportReporter -->
<testsuite hostname="LPT-0919" failures="0" tests="1" name="com.ae.qa.testcasesTenantAdmin.CategoriesPageTestTA" time="12.327" errors="0" timestamp="28 Dec 2021 09:23:07 GMT" skipped="0">
  <testcase classname="com.ae.qa.testcasesTenantAdmin.CategoriesPageTestTA" name="validateCategoriesPageTATest" time="12.327"/>
</testsuite> <!-- com.ae.qa.testcasesTenantAdmin.CategoriesPageTestTA -->
