<?xml version="1.0" encoding="UTF-8"?>
<!-- Generated by org.testng.reporters.JUnitReportReporter -->
<testsuite hostname="LPT-0919" failures="0" tests="1" name="com.ae.qa.testcasesTenantAdmin.TenantUsersPageTestTA" time="10.003" errors="0" timestamp="22 Feb 2022 05:02:52 GMT" skipped="0">
  <testcase classname="com.ae.qa.testcasesTenantAdmin.TenantUsersPageTestTA" name="validateBulkUser" time="10.003"/>
</testsuite> <!-- com.ae.qa.testcasesTenantAdmin.TenantUsersPageTestTA -->
