<?xml version="1.0" encoding="UTF-8"?>
<!-- Generated by org.testng.reporters.JUnitReportReporter -->
<testsuite hostname="LPT-0919" failures="0" tests="1" name="com.ae.qa.testcasesTenantAdmin.InformationPageTestTA" time="26.460" errors="0" timestamp="22 Feb 2022 04:35:41 GMT" skipped="0">
  <testcase classname="com.ae.qa.testcasesTenantAdmin.InformationPageTestTA" name="validateAboutTabTATest" time="26.460"/>
</testsuite> <!-- com.ae.qa.testcasesTenantAdmin.InformationPageTestTA -->
