<?xml version="1.0" encoding="UTF-8"?>
<!-- Generated by org.testng.reporters.JUnitReportReporter -->
<testsuite hostname="LPT-0919" failures="0" tests="1" name="com.ae.qa.testcasesTenantAdmin.IntegrationTypeConfigPageTestTA" time="15.179" errors="0" timestamp="06 Jan 2022 08:20:59 GMT" skipped="0">
  <testcase classname="com.ae.qa.testcasesTenantAdmin.IntegrationTypeConfigPageTestTA" name="validateIntegrationTypeConfigurationsTabPageTATest" time="15.179"/>
</testsuite> <!-- com.ae.qa.testcasesTenantAdmin.IntegrationTypeConfigPageTestTA -->
