<?xml version="1.0" encoding="UTF-8"?>
<!-- Generated by org.testng.reporters.JUnitReportReporter -->
<testsuite hostname="LPT-0919" failures="0" tests="1" name="com.ae.qa.testcases.IntegrationServicePageTest" time="14.872" errors="0" timestamp="22 Sep 2021 11:57:10 GMT" skipped="0">
  <testcase classname="com.ae.qa.testcases.IntegrationServicePageTest" name="validateIntegrationServicesPageTest" time="14.872"/>
</testsuite> <!-- com.ae.qa.testcases.IntegrationServicePageTest -->
