<?xml version="1.0" encoding="UTF-8"?>
<!-- Generated by org.testng.reporters.JUnitReportReporter -->
<testsuite hostname="LPT-0919" failures="0" tests="1" name="com.ae.qa.testcasesTenantAdmin.AgentListPageTestTA" time="127.970" errors="0" timestamp="24 May 2022 08:52:03 GMT" skipped="0">
  <testcase classname="com.ae.qa.testcasesTenantAdmin.AgentListPageTestTA" name="validateDownloadAssistedAgentTest" time="127.970"/>
</testsuite> <!-- com.ae.qa.testcasesTenantAdmin.AgentListPageTestTA -->
