<?xml version="1.0" encoding="UTF-8"?>
<!-- Generated by org.testng.reporters.JUnitReportReporter -->
<testsuite hostname="LPT-0919" failures="0" tests="1" name="com.ae.qa.testcasesTenantAdmin.SingleSignOnPageTestTA" time="15.234" errors="0" timestamp="06 Jan 2022 09:34:09 GMT" skipped="0">
  <testcase classname="com.ae.qa.testcasesTenantAdmin.SingleSignOnPageTestTA" name="validateSingleSignOnPageTATest" time="15.234"/>
</testsuite> <!-- com.ae.qa.testcasesTenantAdmin.SingleSignOnPageTestTA -->
