<?xml version="1.0" encoding="UTF-8"?>
<!-- Generated by org.testng.reporters.JUnitReportReporter -->
<testsuite hostname="LPT-0919" failures="0" tests="1" name="com.ae.qa.testcases.TenantUsersPageTest" time="64.880" errors="0" timestamp="27 Dec 2021 09:06:55 GMT" skipped="0">
  <testcase classname="com.ae.qa.testcases.TenantUsersPageTest" name="ValidateEditTenantUserTest" time="64.880"/>
</testsuite> <!-- com.ae.qa.testcases.TenantUsersPageTest -->
