<?xml version="1.0" encoding="UTF-8"?>
<!-- Generated by org.testng.reporters.JUnitReportReporter -->
<testsuite hostname="LPT-0919" failures="0" tests="1" name="com.ae.qa.testcasesTenantAdmin.HomePageTestTA" time="15.951" errors="0" timestamp="28 Dec 2021 07:09:00 GMT" skipped="0">
  <testcase classname="com.ae.qa.testcasesTenantAdmin.HomePageTestTA" name="validateHomePageTATest" time="15.951"/>
</testsuite> <!-- com.ae.qa.testcasesTenantAdmin.HomePageTestTA -->
